Flow report for divgmx
Sat Apr 08 02:07:44 2017
Quartus II 64-Bit Version 13.0.1 Build 232 06/12/2013 Service Pack 1 SJ Web Edition


---------------------
; Table of Contents ;
---------------------
  1. Legal Notice
  2. Flow Summary
  3. Flow Settings
  4. Flow Non-Default Global Settings
  5. Flow Elapsed Time
  6. Flow OS Summary
  7. Flow Log
  8. Flow Messages
  9. Flow Suppressed Messages



----------------
; Legal Notice ;
----------------
Copyright (C) 1991-2013 Altera Corporation
Your use of Altera Corporation's design tools, logic functions 
and other software and tools, and its AMPP partner logic 
functions, and any output files from any of the foregoing 
(including device programming or simulation files), and any 
associated documentation or information are expressly subject 
to the terms and conditions of the Altera Program License 
Subscription Agreement, Altera MegaCore Function License 
Agreement, or other applicable license agreement, including, 
without limitation, that your use is for the sole purpose of 
programming logic devices manufactured by Altera and sold by 
Altera or its authorized distributors.  Please refer to the 
applicable agreement for further details.



+--------------------------------------------------------------------------------------+
; Flow Summary                                                                         ;
+------------------------------------+-------------------------------------------------+
; Flow Status                        ; Successful - Sat Apr 08 02:07:34 2017           ;
; Quartus II 64-Bit Version          ; 13.0.1 Build 232 06/12/2013 SP 1 SJ Web Edition ;
; Revision Name                      ; divgmx                                          ;
; Top-level Entity Name              ; basic                                           ;
; Family                             ; Cyclone III                                     ;
; Device                             ; EP3C10E144C8                                    ;
; Timing Models                      ; Final                                           ;
; Total logic elements               ; 5,114 / 10,320 ( 50 % )                         ;
;     Total combinational functions  ; 4,765 / 10,320 ( 46 % )                         ;
;     Dedicated logic registers      ; 1,900 / 10,320 ( 18 % )                         ;
; Total registers                    ; 1916                                            ;
; Total pins                         ; 85 / 95 ( 89 % )                                ;
; Total virtual pins                 ; 0                                               ;
; Total memory bits                  ; 327,851 / 423,936 ( 77 % )                      ;
; Embedded Multiplier 9-bit elements ; 0 / 46 ( 0 % )                                  ;
; Total PLLs                         ; 1 / 2 ( 50 % )                                  ;
+------------------------------------+-------------------------------------------------+


+-----------------------------------------+
; Flow Settings                           ;
+-------------------+---------------------+
; Option            ; Setting             ;
+-------------------+---------------------+
; Start date & time ; 04/08/2017 02:06:13 ;
; Main task         ; Compilation         ;
; Revision Name     ; divgmx              ;
+-------------------+---------------------+


+------------------------------------------------------------------------------------------------------------------------+
; Flow Non-Default Global Settings                                                                                       ;
+-------------------------------------+---------------------------------------+---------------+-------------+------------+
; Assignment Name                     ; Value                                 ; Default Value ; Entity Name ; Section Id ;
+-------------------------------------+---------------------------------------+---------------+-------------+------------+
; COMPILER_SIGNATURE_ID               ; 1096422982897.149160637305048         ; --            ; --          ; --         ;
; IP_TOOL_NAME                        ; ALTPLL                                ; --            ; --          ; --         ;
; IP_TOOL_NAME                        ; RAM: 2-PORT                           ; --            ; --          ; --         ;
; IP_TOOL_NAME                        ; ROM: 1-PORT                           ; --            ; --          ; --         ;
; IP_TOOL_VERSION                     ; 13.0                                  ; --            ; --          ; --         ;
; IP_TOOL_VERSION                     ; 13.0                                  ; --            ; --          ; --         ;
; IP_TOOL_VERSION                     ; 13.0                                  ; --            ; --          ; --         ;
; MAX_CORE_JUNCTION_TEMP              ; 85                                    ; --            ; --          ; --         ;
; MIN_CORE_JUNCTION_TEMP              ; 0                                     ; --            ; --          ; --         ;
; MISC_FILE                           ; ../rtl/pll/altpll0.ppf                ; --            ; --          ; --         ;
; OUTPUT_IO_TIMING_FAR_END_VMEAS      ; Half Signal Swing                     ; --            ; --          ; --         ;
; OUTPUT_IO_TIMING_FAR_END_VMEAS      ; Half Signal Swing                     ; --            ; --          ; --         ;
; OUTPUT_IO_TIMING_NEAR_END_VMEAS     ; Half Vccio                            ; --            ; --          ; --         ;
; OUTPUT_IO_TIMING_NEAR_END_VMEAS     ; Half Vccio                            ; --            ; --          ; --         ;
; PARTITION_COLOR                     ; 16764057                              ; --            ; basic       ; Top        ;
; PARTITION_FITTER_PRESERVATION_LEVEL ; PLACEMENT_AND_ROUTING                 ; --            ; basic       ; Top        ;
; PARTITION_NETLIST_TYPE              ; SOURCE                                ; --            ; basic       ; Top        ;
; POWER_BOARD_THERMAL_MODEL           ; None (CONSERVATIVE)                   ; --            ; --          ; --         ;
; POWER_PRESET_COOLING_SOLUTION       ; 23 MM HEAT SINK WITH 200 LFPM AIRFLOW ; --            ; --          ; --         ;
; PROJECT_OUTPUT_DIRECTORY            ; output_files                          ; --            ; --          ; --         ;
; TOP_LEVEL_ENTITY                    ; basic                                 ; divgmx        ; --          ; --         ;
+-------------------------------------+---------------------------------------+---------------+-------------+------------+


+-------------------------------------------------------------------------------------------------------------------------------+
; Flow Elapsed Time                                                                                                             ;
+---------------------------+--------------+-------------------------+---------------------+------------------------------------+
; Module Name               ; Elapsed Time ; Average Processors Used ; Peak Virtual Memory ; Total CPU Time (on all processors) ;
+---------------------------+--------------+-------------------------+---------------------+------------------------------------+
; Analysis & Synthesis      ; 00:00:34     ; 1.0                     ; 564 MB              ; 00:00:34                           ;
; Fitter                    ; 00:00:41     ; 1.4                     ; 975 MB              ; 00:00:49                           ;
; Assembler                 ; 00:00:02     ; 1.0                     ; 421 MB              ; 00:00:01                           ;
; TimeQuest Timing Analyzer ; 00:00:10     ; 1.1                     ; 576 MB              ; 00:00:10                           ;
; Total                     ; 00:01:27     ; --                      ; --                  ; 00:01:34                           ;
+---------------------------+--------------+-------------------------+---------------------+------------------------------------+


+----------------------------------------------------------------------------------------+
; Flow OS Summary                                                                        ;
+---------------------------+------------------+-----------+------------+----------------+
; Module Name               ; Machine Hostname ; OS Name   ; OS Version ; Processor type ;
+---------------------------+------------------+-----------+------------+----------------+
; Analysis & Synthesis      ; belle            ; Windows 7 ; 6.2        ; x86_64         ;
; Fitter                    ; belle            ; Windows 7 ; 6.2        ; x86_64         ;
; Assembler                 ; belle            ; Windows 7 ; 6.2        ; x86_64         ;
; TimeQuest Timing Analyzer ; belle            ; Windows 7 ; 6.2        ; x86_64         ;
+---------------------------+------------------+-----------+------------+----------------+


------------
; Flow Log ;
------------
quartus_map --read_settings_files=on --write_settings_files=off divgmx -c divgmx
quartus_fit --read_settings_files=off --write_settings_files=off divgmx -c divgmx
quartus_asm --read_settings_files=off --write_settings_files=off divgmx -c divgmx
quartus_sta divgmx -c divgmx



